<?xml version="1.0" encoding="UTF-8"?>
<testsuite xmlns:xsi="http://www.w3.org/2001/XMLSchema-instance" xsi:noNamespaceSchemaLocation="https://maven.apache.org/surefire/maven-surefire-plugin/xsd/surefire-test-report.xsd" name="src.RegistrationUserTest" time="18.788" tests="4" errors="1" skipped="0" failures="0">
  <properties>
    <property name="awt.toolkit" value="sun.awt.X11.XToolkit"/>
    <property name="java.specification.version" value="11"/>
    <property name="sun.cpu.isalist" value=""/>
    <property name="sun.jnu.encoding" value="UTF-8"/>
    <property name="java.class.path" value="/mnt/data/lesya/0/IdeaProjects/Diplom/Diplom_3.1/target/test-classes:/mnt/data/lesya/0/IdeaProjects/Diplom/Diplom_3.1/target/classes:/home/lesya/.m2/repoTest/org/seleniumhq/selenium/selenium-support/4.27.0/selenium-support-4.27.0.jar:/home/lesya/.m2/repoTest/com/google/auto/service/auto-service-annotations/1.1.1/auto-service-annotations-1.1.1.jar:/home/lesya/.m2/repoTest/com/google/guava/guava/33.3.1-jre/guava-33.3.1-jre.jar:/home/lesya/.m2/repoTest/com/google/guava/failureaccess/1.0.2/failureaccess-1.0.2.jar:/home/lesya/.m2/repoTest/com/google/guava/listenablefuture/9999.0-empty-to-avoid-conflict-with-guava/listenablefuture-9999.0-empty-to-avoid-conflict-with-guava.jar:/home/lesya/.m2/repoTest/com/google/code/findbugs/jsr305/3.0.2/jsr305-3.0.2.jar:/home/lesya/.m2/repoTest/org/checkerframework/checker-qual/3.43.0/checker-qual-3.43.0.jar:/home/lesya/.m2/repoTest/com/google/errorprone/error_prone_annotations/2.28.0/error_prone_annotations-2.28.0.jar:/home/lesya/.m2/repoTest/com/google/j2objc/j2objc-annotations/3.0.0/j2objc-annotations-3.0.0.jar:/home/lesya/.m2/repoTest/net/bytebuddy/byte-buddy/1.15.10/byte-buddy-1.15.10.jar:/home/lesya/.m2/repoTest/org/seleniumhq/selenium/selenium-api/4.27.0/selenium-api-4.27.0.jar:/home/lesya/.m2/repoTest/org/jspecify/jspecify/1.0.0/jspecify-1.0.0.jar:/home/lesya/.m2/repoTest/org/seleniumhq/selenium/selenium-json/4.27.0/selenium-json-4.27.0.jar:/home/lesya/.m2/repoTest/org/seleniumhq/selenium/selenium-remote-driver/4.27.0/selenium-remote-driver-4.27.0.jar:/home/lesya/.m2/repoTest/io/opentelemetry/semconv/opentelemetry-semconv/1.25.0-alpha/opentelemetry-semconv-1.25.0-alpha.jar:/home/lesya/.m2/repoTest/io/opentelemetry/opentelemetry-api/1.44.1/opentelemetry-api-1.44.1.jar:/home/lesya/.m2/repoTest/io/opentelemetry/opentelemetry-context/1.44.1/opentelemetry-context-1.44.1.jar:/home/lesya/.m2/repoTest/io/opentelemetry/opentelemetry-exporter-logging/1.44.1/opentelemetry-exporter-logging-1.44.1.jar:/home/lesya/.m2/repoTest/io/opentelemetry/opentelemetry-sdk-common/1.44.1/opentelemetry-sdk-common-1.44.1.jar:/home/lesya/.m2/repoTest/io/opentelemetry/opentelemetry-sdk-extension-autoconfigure-spi/1.44.1/opentelemetry-sdk-extension-autoconfigure-spi-1.44.1.jar:/home/lesya/.m2/repoTest/io/opentelemetry/opentelemetry-sdk-extension-autoconfigure/1.44.1/opentelemetry-sdk-extension-autoconfigure-1.44.1.jar:/home/lesya/.m2/repoTest/io/opentelemetry/opentelemetry-api-incubator/1.44.1-alpha/opentelemetry-api-incubator-1.44.1-alpha.jar:/home/lesya/.m2/repoTest/io/opentelemetry/opentelemetry-sdk-trace/1.44.1/opentelemetry-sdk-trace-1.44.1.jar:/home/lesya/.m2/repoTest/io/opentelemetry/opentelemetry-sdk/1.44.1/opentelemetry-sdk-1.44.1.jar:/home/lesya/.m2/repoTest/io/opentelemetry/opentelemetry-sdk-metrics/1.44.1/opentelemetry-sdk-metrics-1.44.1.jar:/home/lesya/.m2/repoTest/io/opentelemetry/opentelemetry-sdk-logs/1.44.1/opentelemetry-sdk-logs-1.44.1.jar:/home/lesya/.m2/repoTest/org/seleniumhq/selenium/selenium-http/4.27.0/selenium-http-4.27.0.jar:/home/lesya/.m2/repoTest/dev/failsafe/failsafe/3.3.2/failsafe-3.3.2.jar:/home/lesya/.m2/repoTest/org/seleniumhq/selenium/selenium-os/4.27.0/selenium-os-4.27.0.jar:/home/lesya/.m2/repoTest/org/apache/commons/commons-exec/1.4.0/commons-exec-1.4.0.jar:/home/lesya/.m2/repoTest/io/github/bonigarcia/webdrivermanager/5.9.2/webdrivermanager-5.9.2.jar:/home/lesya/.m2/repoTest/org/slf4j/slf4j-api/2.0.13/slf4j-api-2.0.13.jar:/home/lesya/.m2/repoTest/com/google/code/gson/gson/2.11.0/gson-2.11.0.jar:/home/lesya/.m2/repoTest/com/github/docker-java/docker-java/3.4.0/docker-java-3.4.0.jar:/home/lesya/.m2/repoTest/com/github/docker-java/docker-java-core/3.4.0/docker-java-core-3.4.0.jar:/home/lesya/.m2/repoTest/com/github/docker-java/docker-java-api/3.4.0/docker-java-api-3.4.0.jar:/home/lesya/.m2/repoTest/com/fasterxml/jackson/core/jackson-annotations/2.10.3/jackson-annotations-2.10.3.jar:/home/lesya/.m2/repoTest/com/fasterxml/jackson/core/jackson-databind/2.10.3/jackson-databind-2.10.3.jar:/home/lesya/.m2/repoTest/com/fasterxml/jackson/core/jackson-core/2.10.3/jackson-core-2.10.3.jar:/home/lesya/.m2/repoTest/org/slf4j/jcl-over-slf4j/1.7.30/jcl-over-slf4j-1.7.30.jar:/home/lesya/.m2/repoTest/com/github/docker-java/docker-java-transport-httpclient5/3.4.0/docker-java-transport-httpclient5-3.4.0.jar:/home/lesya/.m2/repoTest/com/github/docker-java/docker-java-transport/3.4.0/docker-java-transport-3.4.0.jar:/home/lesya/.m2/repoTest/net/java/dev/jna/jna/5.13.0/jna-5.13.0.jar:/home/lesya/.m2/repoTest/org/brotli/dec/0.1.2/dec-0.1.2.jar:/home/lesya/.m2/repoTest/org/apache/commons/commons-lang3/3.15.0/commons-lang3-3.15.0.jar:/home/lesya/.m2/repoTest/org/apache/commons/commons-compress/1.26.2/commons-compress-1.26.2.jar:/home/lesya/.m2/repoTest/commons-codec/commons-codec/1.17.0/commons-codec-1.17.0.jar:/home/lesya/.m2/repoTest/commons-io/commons-io/2.16.1/commons-io-2.16.1.jar:/home/lesya/.m2/repoTest/org/apache/httpcomponents/client5/httpclient5/5.2.1/httpclient5-5.2.1.jar:/home/lesya/.m2/repoTest/org/apache/httpcomponents/core5/httpcore5/5.2/httpcore5-5.2.jar:/home/lesya/.m2/repoTest/org/apache/httpcomponents/core5/httpcore5-h2/5.2/httpcore5-h2-5.2.jar:/home/lesya/.m2/repoTest/org/seleniumhq/selenium/selenium-java/4.27.0/selenium-java-4.27.0.jar:/home/lesya/.m2/repoTest/org/seleniumhq/selenium/selenium-devtools-v129/4.27.0/selenium-devtools-v129-4.27.0.jar:/home/lesya/.m2/repoTest/org/seleniumhq/selenium/selenium-devtools-v130/4.27.0/selenium-devtools-v130-4.27.0.jar:/home/lesya/.m2/repoTest/org/seleniumhq/selenium/selenium-devtools-v131/4.27.0/selenium-devtools-v131-4.27.0.jar:/home/lesya/.m2/repoTest/org/seleniumhq/selenium/selenium-devtools-v85/4.27.0/selenium-devtools-v85-4.27.0.jar:/home/lesya/.m2/repoTest/org/seleniumhq/selenium/selenium-edge-driver/4.27.0/selenium-edge-driver-4.27.0.jar:/home/lesya/.m2/repoTest/org/seleniumhq/selenium/selenium-firefox-driver/4.27.0/selenium-firefox-driver-4.27.0.jar:/home/lesya/.m2/repoTest/org/seleniumhq/selenium/selenium-ie-driver/4.27.0/selenium-ie-driver-4.27.0.jar:/home/lesya/.m2/repoTest/org/seleniumhq/selenium/selenium-safari-driver/4.27.0/selenium-safari-driver-4.27.0.jar:/home/lesya/.m2/repoTest/org/seleniumhq/selenium/selenium-chrome-driver/4.27.0/selenium-chrome-driver-4.27.0.jar:/home/lesya/.m2/repoTest/org/seleniumhq/selenium/selenium-chromium-driver/4.27.0/selenium-chromium-driver-4.27.0.jar:/home/lesya/.m2/repoTest/org/seleniumhq/selenium/selenium-manager/4.27.0/selenium-manager-4.27.0.jar:/home/lesya/.m2/repoTest/org/seleniumhq/webdriver/webdriver-selenium/0.9.7376/webdriver-selenium-0.9.7376.jar:/home/lesya/.m2/repoTest/org/seleniumhq/webdriver/webdriver-common/0.9.7376/webdriver-common-0.9.7376.jar:/home/lesya/.m2/repoTest/org/seleniumhq/selenium/client-drivers/selenium-java-client-driver/1.0.1/selenium-java-client-driver-1.0.1.jar:/home/lesya/.m2/repoTest/org/jboss/maven/surefire/modular/maven-surefire-common/1.0.0.Alpha3/maven-surefire-common-1.0.0.Alpha3.jar:/home/lesya/.m2/repoTest/org/apache/maven/maven-plugin-api/2.0.9/maven-plugin-api-2.0.9.jar:/home/lesya/.m2/repoTest/org/jboss/maven/surefire/modular/surefire-booter/1.0.0.Alpha3/surefire-booter-1.0.0.Alpha3.jar:/home/lesya/.m2/repoTest/org/codehaus/plexus/plexus-utils/2.0.5/plexus-utils-2.0.5.jar:/home/lesya/.m2/repoTest/org/apache/maven/maven-artifact/2.0.9/maven-artifact-2.0.9.jar:/home/lesya/.m2/repoTest/org/apache/maven/maven-project/2.0.9/maven-project-2.0.9.jar:/home/lesya/.m2/repoTest/org/apache/maven/maven-settings/2.0.9/maven-settings-2.0.9.jar:/home/lesya/.m2/repoTest/org/apache/maven/maven-profile/2.0.9/maven-profile-2.0.9.jar:/home/lesya/.m2/repoTest/org/apache/maven/maven-model/2.0.9/maven-model-2.0.9.jar:/home/lesya/.m2/repoTest/org/apache/maven/maven-artifact-manager/2.0.9/maven-artifact-manager-2.0.9.jar:/home/lesya/.m2/repoTest/org/apache/maven/maven-plugin-registry/2.0.9/maven-plugin-registry-2.0.9.jar:/home/lesya/.m2/repoTest/org/codehaus/plexus/plexus-container-default/1.0-alpha-9-stable-1/plexus-container-default-1.0-alpha-9-stable-1.jar:/home/lesya/.m2/repoTest/org/apache/maven/maven-core/2.0.9/maven-core-2.0.9.jar:/home/lesya/.m2/repoTest/org/apache/maven/maven-plugin-parameter-documenter/2.0.9/maven-plugin-parameter-documenter-2.0.9.jar:/home/lesya/.m2/repoTest/org/apache/maven/reporting/maven-reporting-api/2.0.9/maven-reporting-api-2.0.9.jar:/home/lesya/.m2/repoTest/org/apache/maven/wagon/wagon-provider-api/1.0-beta-2/wagon-provider-api-1.0-beta-2.jar:/home/lesya/.m2/repoTest/org/apache/maven/maven-repository-metadata/2.0.9/maven-repository-metadata-2.0.9.jar:/home/lesya/.m2/repoTest/org/apache/maven/maven-error-diagnostics/2.0.9/maven-error-diagnostics-2.0.9.jar:/home/lesya/.m2/repoTest/org/apache/maven/maven-plugin-descriptor/2.0.9/maven-plugin-descriptor-2.0.9.jar:/home/lesya/.m2/repoTest/org/apache/maven/maven-monitor/2.0.9/maven-monitor-2.0.9.jar:/home/lesya/.m2/repoTest/classworlds/classworlds/1.1/classworlds-1.1.jar:/home/lesya/.m2/repoTest/org/apache/maven/maven-toolchain/2.0.9/maven-toolchain-2.0.9.jar:/home/lesya/.m2/repoTest/org/apache/maven/shared/maven-common-artifact-filters/1.2/maven-common-artifact-filters-1.2.jar:/home/lesya/.m2/repoTest/junit/junit/4.13.2/junit-4.13.2.jar:/home/lesya/.m2/repoTest/org/hamcrest/hamcrest-core/1.3/hamcrest-core-1.3.jar:/home/lesya/.m2/repoTest/org/apache/maven/plugins/maven-surefire-plugin/3.5.2/maven-surefire-plugin-3.5.2.jar:/home/lesya/.m2/repoTest/org/apache/maven/surefire/surefire-api/3.5.2/surefire-api-3.5.2.jar:/home/lesya/.m2/repoTest/org/apache/maven/surefire/surefire-logger-api/3.5.2/surefire-logger-api-3.5.2.jar:/home/lesya/.m2/repoTest/org/apache/maven/surefire/surefire-shared-utils/3.5.2/surefire-shared-utils-3.5.2.jar:/home/lesya/.m2/repoTest/org/apache/maven/surefire/surefire-extensions-api/3.5.2/surefire-extensions-api-3.5.2.jar:/home/lesya/.m2/repoTest/org/apache/maven/surefire/maven-surefire-common/3.5.2/maven-surefire-common-3.5.2.jar:/home/lesya/.m2/repoTest/org/apache/maven/surefire/surefire-booter/3.5.2/surefire-booter-3.5.2.jar:/home/lesya/.m2/repoTest/org/apache/maven/surefire/surefire-extensions-spi/3.5.2/surefire-extensions-spi-3.5.2.jar:/home/lesya/.m2/repoTest/org/apache/maven/resolver/maven-resolver-util/1.4.1/maven-resolver-util-1.4.1.jar:/home/lesya/.m2/repoTest/org/apache/maven/resolver/maven-resolver-api/1.4.1/maven-resolver-api-1.4.1.jar:/home/lesya/.m2/repoTest/org/codehaus/plexus/plexus-java/1.3.0/plexus-java-1.3.0.jar:/home/lesya/.m2/repoTest/org/ow2/asm/asm/9.7/asm-9.7.jar:/home/lesya/.m2/repoTest/com/thoughtworks/qdox/qdox/2.1.0/qdox-2.1.0.jar:/home/lesya/.m2/repoTest/io/qameta/allure/allure-junit4/2.29.0/allure-junit4-2.29.0.jar:/home/lesya/.m2/repoTest/io/qameta/allure/allure-java-commons/2.29.0/allure-java-commons-2.29.0.jar:/home/lesya/.m2/repoTest/io/qameta/allure/allure-model/2.29.0/allure-model-2.29.0.jar:/home/lesya/.m2/repoTest/io/qameta/allure/allure-test-filter/2.29.0/allure-test-filter-2.29.0.jar:/home/lesya/.m2/repoTest/io/qameta/allure/allure-rest-assured/2.29.0/allure-rest-assured-2.29.0.jar:/home/lesya/.m2/repoTest/io/qameta/allure/allure-attachments/2.29.0/allure-attachments-2.29.0.jar:/home/lesya/.m2/repoTest/org/freemarker/freemarker/2.3.33/freemarker-2.3.33.jar:/home/lesya/.m2/repoTest/io/rest-assured/rest-assured/5.5.0/rest-assured-5.5.0.jar:/home/lesya/.m2/repoTest/org/apache/groovy/groovy/4.0.22/groovy-4.0.22.jar:/home/lesya/.m2/repoTest/org/apache/groovy/groovy-xml/4.0.22/groovy-xml-4.0.22.jar:/home/lesya/.m2/repoTest/org/apache/httpcomponents/httpclient/4.5.13/httpclient-4.5.13.jar:/home/lesya/.m2/repoTest/org/apache/httpcomponents/httpcore/4.4.13/httpcore-4.4.13.jar:/home/lesya/.m2/repoTest/commons-logging/commons-logging/1.2/commons-logging-1.2.jar:/home/lesya/.m2/repoTest/org/apache/httpcomponents/httpmime/4.5.13/httpmime-4.5.13.jar:/home/lesya/.m2/repoTest/org/hamcrest/hamcrest/2.2/hamcrest-2.2.jar:/home/lesya/.m2/repoTest/org/ccil/cowan/tagsoup/tagsoup/1.2.1/tagsoup-1.2.1.jar:/home/lesya/.m2/repoTest/io/rest-assured/json-path/5.5.0/json-path-5.5.0.jar:/home/lesya/.m2/repoTest/org/apache/groovy/groovy-json/4.0.22/groovy-json-4.0.22.jar:/home/lesya/.m2/repoTest/io/rest-assured/rest-assured-common/5.5.0/rest-assured-common-5.5.0.jar:/home/lesya/.m2/repoTest/io/rest-assured/xml-path/5.5.0/xml-path-5.5.0.jar:"/>
    <property name="java.vm.vendor" value="Ubuntu"/>
    <property name="sun.arch.data.model" value="64"/>
    <property name="java.vendor.url" value="https://ubuntu.com/"/>
    <property name="user.timezone" value=""/>
    <property name="java.vm.specification.version" value="11"/>
    <property name="os.name" value="Linux"/>
    <property name="sun.java.launcher" value="SUN_STANDARD"/>
    <property name="user.country" value="RU"/>
    <property name="sun.boot.library.path" value="/usr/lib/jvm/java-11-openjdk-amd64/lib"/>
    <property name="sun.java.command" value="/mnt/data/lesya/0/IdeaProjects/Diplom/Diplom_3.1/target/surefire/surefirebooter9688512105767905421.jar /mnt/data/lesya/0/IdeaProjects/Diplom/Diplom_3.1/target/surefire 2024-12-14T17-30-05_842-jvmRun1 surefire9863516360044102230tmp surefire_017357318423610507956tmp"/>
    <property name="jdk.debug" value="release"/>
    <property name="surefire.test.class.path" value="/mnt/data/lesya/0/IdeaProjects/Diplom/Diplom_3.1/target/test-classes:/mnt/data/lesya/0/IdeaProjects/Diplom/Diplom_3.1/target/classes:/home/lesya/.m2/repoTest/org/seleniumhq/selenium/selenium-support/4.27.0/selenium-support-4.27.0.jar:/home/lesya/.m2/repoTest/com/google/auto/service/auto-service-annotations/1.1.1/auto-service-annotations-1.1.1.jar:/home/lesya/.m2/repoTest/com/google/guava/guava/33.3.1-jre/guava-33.3.1-jre.jar:/home/lesya/.m2/repoTest/com/google/guava/failureaccess/1.0.2/failureaccess-1.0.2.jar:/home/lesya/.m2/repoTest/com/google/guava/listenablefuture/9999.0-empty-to-avoid-conflict-with-guava/listenablefuture-9999.0-empty-to-avoid-conflict-with-guava.jar:/home/lesya/.m2/repoTest/com/google/code/findbugs/jsr305/3.0.2/jsr305-3.0.2.jar:/home/lesya/.m2/repoTest/org/checkerframework/checker-qual/3.43.0/checker-qual-3.43.0.jar:/home/lesya/.m2/repoTest/com/google/errorprone/error_prone_annotations/2.28.0/error_prone_annotations-2.28.0.jar:/home/lesya/.m2/repoTest/com/google/j2objc/j2objc-annotations/3.0.0/j2objc-annotations-3.0.0.jar:/home/lesya/.m2/repoTest/net/bytebuddy/byte-buddy/1.15.10/byte-buddy-1.15.10.jar:/home/lesya/.m2/repoTest/org/seleniumhq/selenium/selenium-api/4.27.0/selenium-api-4.27.0.jar:/home/lesya/.m2/repoTest/org/jspecify/jspecify/1.0.0/jspecify-1.0.0.jar:/home/lesya/.m2/repoTest/org/seleniumhq/selenium/selenium-json/4.27.0/selenium-json-4.27.0.jar:/home/lesya/.m2/repoTest/org/seleniumhq/selenium/selenium-remote-driver/4.27.0/selenium-remote-driver-4.27.0.jar:/home/lesya/.m2/repoTest/io/opentelemetry/semconv/opentelemetry-semconv/1.25.0-alpha/opentelemetry-semconv-1.25.0-alpha.jar:/home/lesya/.m2/repoTest/io/opentelemetry/opentelemetry-api/1.44.1/opentelemetry-api-1.44.1.jar:/home/lesya/.m2/repoTest/io/opentelemetry/opentelemetry-context/1.44.1/opentelemetry-context-1.44.1.jar:/home/lesya/.m2/repoTest/io/opentelemetry/opentelemetry-exporter-logging/1.44.1/opentelemetry-exporter-logging-1.44.1.jar:/home/lesya/.m2/repoTest/io/opentelemetry/opentelemetry-sdk-common/1.44.1/opentelemetry-sdk-common-1.44.1.jar:/home/lesya/.m2/repoTest/io/opentelemetry/opentelemetry-sdk-extension-autoconfigure-spi/1.44.1/opentelemetry-sdk-extension-autoconfigure-spi-1.44.1.jar:/home/lesya/.m2/repoTest/io/opentelemetry/opentelemetry-sdk-extension-autoconfigure/1.44.1/opentelemetry-sdk-extension-autoconfigure-1.44.1.jar:/home/lesya/.m2/repoTest/io/opentelemetry/opentelemetry-api-incubator/1.44.1-alpha/opentelemetry-api-incubator-1.44.1-alpha.jar:/home/lesya/.m2/repoTest/io/opentelemetry/opentelemetry-sdk-trace/1.44.1/opentelemetry-sdk-trace-1.44.1.jar:/home/lesya/.m2/repoTest/io/opentelemetry/opentelemetry-sdk/1.44.1/opentelemetry-sdk-1.44.1.jar:/home/lesya/.m2/repoTest/io/opentelemetry/opentelemetry-sdk-metrics/1.44.1/opentelemetry-sdk-metrics-1.44.1.jar:/home/lesya/.m2/repoTest/io/opentelemetry/opentelemetry-sdk-logs/1.44.1/opentelemetry-sdk-logs-1.44.1.jar:/home/lesya/.m2/repoTest/org/seleniumhq/selenium/selenium-http/4.27.0/selenium-http-4.27.0.jar:/home/lesya/.m2/repoTest/dev/failsafe/failsafe/3.3.2/failsafe-3.3.2.jar:/home/lesya/.m2/repoTest/org/seleniumhq/selenium/selenium-os/4.27.0/selenium-os-4.27.0.jar:/home/lesya/.m2/repoTest/org/apache/commons/commons-exec/1.4.0/commons-exec-1.4.0.jar:/home/lesya/.m2/repoTest/io/github/bonigarcia/webdrivermanager/5.9.2/webdrivermanager-5.9.2.jar:/home/lesya/.m2/repoTest/org/slf4j/slf4j-api/2.0.13/slf4j-api-2.0.13.jar:/home/lesya/.m2/repoTest/com/google/code/gson/gson/2.11.0/gson-2.11.0.jar:/home/lesya/.m2/repoTest/com/github/docker-java/docker-java/3.4.0/docker-java-3.4.0.jar:/home/lesya/.m2/repoTest/com/github/docker-java/docker-java-core/3.4.0/docker-java-core-3.4.0.jar:/home/lesya/.m2/repoTest/com/github/docker-java/docker-java-api/3.4.0/docker-java-api-3.4.0.jar:/home/lesya/.m2/repoTest/com/fasterxml/jackson/core/jackson-annotations/2.10.3/jackson-annotations-2.10.3.jar:/home/lesya/.m2/repoTest/com/fasterxml/jackson/core/jackson-databind/2.10.3/jackson-databind-2.10.3.jar:/home/lesya/.m2/repoTest/com/fasterxml/jackson/core/jackson-core/2.10.3/jackson-core-2.10.3.jar:/home/lesya/.m2/repoTest/org/slf4j/jcl-over-slf4j/1.7.30/jcl-over-slf4j-1.7.30.jar:/home/lesya/.m2/repoTest/com/github/docker-java/docker-java-transport-httpclient5/3.4.0/docker-java-transport-httpclient5-3.4.0.jar:/home/lesya/.m2/repoTest/com/github/docker-java/docker-java-transport/3.4.0/docker-java-transport-3.4.0.jar:/home/lesya/.m2/repoTest/net/java/dev/jna/jna/5.13.0/jna-5.13.0.jar:/home/lesya/.m2/repoTest/org/brotli/dec/0.1.2/dec-0.1.2.jar:/home/lesya/.m2/repoTest/org/apache/commons/commons-lang3/3.15.0/commons-lang3-3.15.0.jar:/home/lesya/.m2/repoTest/org/apache/commons/commons-compress/1.26.2/commons-compress-1.26.2.jar:/home/lesya/.m2/repoTest/commons-codec/commons-codec/1.17.0/commons-codec-1.17.0.jar:/home/lesya/.m2/repoTest/commons-io/commons-io/2.16.1/commons-io-2.16.1.jar:/home/lesya/.m2/repoTest/org/apache/httpcomponents/client5/httpclient5/5.2.1/httpclient5-5.2.1.jar:/home/lesya/.m2/repoTest/org/apache/httpcomponents/core5/httpcore5/5.2/httpcore5-5.2.jar:/home/lesya/.m2/repoTest/org/apache/httpcomponents/core5/httpcore5-h2/5.2/httpcore5-h2-5.2.jar:/home/lesya/.m2/repoTest/org/seleniumhq/selenium/selenium-java/4.27.0/selenium-java-4.27.0.jar:/home/lesya/.m2/repoTest/org/seleniumhq/selenium/selenium-devtools-v129/4.27.0/selenium-devtools-v129-4.27.0.jar:/home/lesya/.m2/repoTest/org/seleniumhq/selenium/selenium-devtools-v130/4.27.0/selenium-devtools-v130-4.27.0.jar:/home/lesya/.m2/repoTest/org/seleniumhq/selenium/selenium-devtools-v131/4.27.0/selenium-devtools-v131-4.27.0.jar:/home/lesya/.m2/repoTest/org/seleniumhq/selenium/selenium-devtools-v85/4.27.0/selenium-devtools-v85-4.27.0.jar:/home/lesya/.m2/repoTest/org/seleniumhq/selenium/selenium-edge-driver/4.27.0/selenium-edge-driver-4.27.0.jar:/home/lesya/.m2/repoTest/org/seleniumhq/selenium/selenium-firefox-driver/4.27.0/selenium-firefox-driver-4.27.0.jar:/home/lesya/.m2/repoTest/org/seleniumhq/selenium/selenium-ie-driver/4.27.0/selenium-ie-driver-4.27.0.jar:/home/lesya/.m2/repoTest/org/seleniumhq/selenium/selenium-safari-driver/4.27.0/selenium-safari-driver-4.27.0.jar:/home/lesya/.m2/repoTest/org/seleniumhq/selenium/selenium-chrome-driver/4.27.0/selenium-chrome-driver-4.27.0.jar:/home/lesya/.m2/repoTest/org/seleniumhq/selenium/selenium-chromium-driver/4.27.0/selenium-chromium-driver-4.27.0.jar:/home/lesya/.m2/repoTest/org/seleniumhq/selenium/selenium-manager/4.27.0/selenium-manager-4.27.0.jar:/home/lesya/.m2/repoTest/org/seleniumhq/webdriver/webdriver-selenium/0.9.7376/webdriver-selenium-0.9.7376.jar:/home/lesya/.m2/repoTest/org/seleniumhq/webdriver/webdriver-common/0.9.7376/webdriver-common-0.9.7376.jar:/home/lesya/.m2/repoTest/org/seleniumhq/selenium/client-drivers/selenium-java-client-driver/1.0.1/selenium-java-client-driver-1.0.1.jar:/home/lesya/.m2/repoTest/org/jboss/maven/surefire/modular/maven-surefire-common/1.0.0.Alpha3/maven-surefire-common-1.0.0.Alpha3.jar:/home/lesya/.m2/repoTest/org/apache/maven/maven-plugin-api/2.0.9/maven-plugin-api-2.0.9.jar:/home/lesya/.m2/repoTest/org/jboss/maven/surefire/modular/surefire-booter/1.0.0.Alpha3/surefire-booter-1.0.0.Alpha3.jar:/home/lesya/.m2/repoTest/org/codehaus/plexus/plexus-utils/2.0.5/plexus-utils-2.0.5.jar:/home/lesya/.m2/repoTest/org/apache/maven/maven-artifact/2.0.9/maven-artifact-2.0.9.jar:/home/lesya/.m2/repoTest/org/apache/maven/maven-project/2.0.9/maven-project-2.0.9.jar:/home/lesya/.m2/repoTest/org/apache/maven/maven-settings/2.0.9/maven-settings-2.0.9.jar:/home/lesya/.m2/repoTest/org/apache/maven/maven-profile/2.0.9/maven-profile-2.0.9.jar:/home/lesya/.m2/repoTest/org/apache/maven/maven-model/2.0.9/maven-model-2.0.9.jar:/home/lesya/.m2/repoTest/org/apache/maven/maven-artifact-manager/2.0.9/maven-artifact-manager-2.0.9.jar:/home/lesya/.m2/repoTest/org/apache/maven/maven-plugin-registry/2.0.9/maven-plugin-registry-2.0.9.jar:/home/lesya/.m2/repoTest/org/codehaus/plexus/plexus-container-default/1.0-alpha-9-stable-1/plexus-container-default-1.0-alpha-9-stable-1.jar:/home/lesya/.m2/repoTest/org/apache/maven/maven-core/2.0.9/maven-core-2.0.9.jar:/home/lesya/.m2/repoTest/org/apache/maven/maven-plugin-parameter-documenter/2.0.9/maven-plugin-parameter-documenter-2.0.9.jar:/home/lesya/.m2/repoTest/org/apache/maven/reporting/maven-reporting-api/2.0.9/maven-reporting-api-2.0.9.jar:/home/lesya/.m2/repoTest/org/apache/maven/wagon/wagon-provider-api/1.0-beta-2/wagon-provider-api-1.0-beta-2.jar:/home/lesya/.m2/repoTest/org/apache/maven/maven-repository-metadata/2.0.9/maven-repository-metadata-2.0.9.jar:/home/lesya/.m2/repoTest/org/apache/maven/maven-error-diagnostics/2.0.9/maven-error-diagnostics-2.0.9.jar:/home/lesya/.m2/repoTest/org/apache/maven/maven-plugin-descriptor/2.0.9/maven-plugin-descriptor-2.0.9.jar:/home/lesya/.m2/repoTest/org/apache/maven/maven-monitor/2.0.9/maven-monitor-2.0.9.jar:/home/lesya/.m2/repoTest/classworlds/classworlds/1.1/classworlds-1.1.jar:/home/lesya/.m2/repoTest/org/apache/maven/maven-toolchain/2.0.9/maven-toolchain-2.0.9.jar:/home/lesya/.m2/repoTest/org/apache/maven/shared/maven-common-artifact-filters/1.2/maven-common-artifact-filters-1.2.jar:/home/lesya/.m2/repoTest/junit/junit/4.13.2/junit-4.13.2.jar:/home/lesya/.m2/repoTest/org/hamcrest/hamcrest-core/1.3/hamcrest-core-1.3.jar:/home/lesya/.m2/repoTest/org/apache/maven/plugins/maven-surefire-plugin/3.5.2/maven-surefire-plugin-3.5.2.jar:/home/lesya/.m2/repoTest/org/apache/maven/surefire/surefire-api/3.5.2/surefire-api-3.5.2.jar:/home/lesya/.m2/repoTest/org/apache/maven/surefire/surefire-logger-api/3.5.2/surefire-logger-api-3.5.2.jar:/home/lesya/.m2/repoTest/org/apache/maven/surefire/surefire-shared-utils/3.5.2/surefire-shared-utils-3.5.2.jar:/home/lesya/.m2/repoTest/org/apache/maven/surefire/surefire-extensions-api/3.5.2/surefire-extensions-api-3.5.2.jar:/home/lesya/.m2/repoTest/org/apache/maven/surefire/maven-surefire-common/3.5.2/maven-surefire-common-3.5.2.jar:/home/lesya/.m2/repoTest/org/apache/maven/surefire/surefire-booter/3.5.2/surefire-booter-3.5.2.jar:/home/lesya/.m2/repoTest/org/apache/maven/surefire/surefire-extensions-spi/3.5.2/surefire-extensions-spi-3.5.2.jar:/home/lesya/.m2/repoTest/org/apache/maven/resolver/maven-resolver-util/1.4.1/maven-resolver-util-1.4.1.jar:/home/lesya/.m2/repoTest/org/apache/maven/resolver/maven-resolver-api/1.4.1/maven-resolver-api-1.4.1.jar:/home/lesya/.m2/repoTest/org/codehaus/plexus/plexus-java/1.3.0/plexus-java-1.3.0.jar:/home/lesya/.m2/repoTest/org/ow2/asm/asm/9.7/asm-9.7.jar:/home/lesya/.m2/repoTest/com/thoughtworks/qdox/qdox/2.1.0/qdox-2.1.0.jar:/home/lesya/.m2/repoTest/io/qameta/allure/allure-junit4/2.29.0/allure-junit4-2.29.0.jar:/home/lesya/.m2/repoTest/io/qameta/allure/allure-java-commons/2.29.0/allure-java-commons-2.29.0.jar:/home/lesya/.m2/repoTest/io/qameta/allure/allure-model/2.29.0/allure-model-2.29.0.jar:/home/lesya/.m2/repoTest/io/qameta/allure/allure-test-filter/2.29.0/allure-test-filter-2.29.0.jar:/home/lesya/.m2/repoTest/io/qameta/allure/allure-rest-assured/2.29.0/allure-rest-assured-2.29.0.jar:/home/lesya/.m2/repoTest/io/qameta/allure/allure-attachments/2.29.0/allure-attachments-2.29.0.jar:/home/lesya/.m2/repoTest/org/freemarker/freemarker/2.3.33/freemarker-2.3.33.jar:/home/lesya/.m2/repoTest/io/rest-assured/rest-assured/5.5.0/rest-assured-5.5.0.jar:/home/lesya/.m2/repoTest/org/apache/groovy/groovy/4.0.22/groovy-4.0.22.jar:/home/lesya/.m2/repoTest/org/apache/groovy/groovy-xml/4.0.22/groovy-xml-4.0.22.jar:/home/lesya/.m2/repoTest/org/apache/httpcomponents/httpclient/4.5.13/httpclient-4.5.13.jar:/home/lesya/.m2/repoTest/org/apache/httpcomponents/httpcore/4.4.13/httpcore-4.4.13.jar:/home/lesya/.m2/repoTest/commons-logging/commons-logging/1.2/commons-logging-1.2.jar:/home/lesya/.m2/repoTest/org/apache/httpcomponents/httpmime/4.5.13/httpmime-4.5.13.jar:/home/lesya/.m2/repoTest/org/hamcrest/hamcrest/2.2/hamcrest-2.2.jar:/home/lesya/.m2/repoTest/org/ccil/cowan/tagsoup/tagsoup/1.2.1/tagsoup-1.2.1.jar:/home/lesya/.m2/repoTest/io/rest-assured/json-path/5.5.0/json-path-5.5.0.jar:/home/lesya/.m2/repoTest/org/apache/groovy/groovy-json/4.0.22/groovy-json-4.0.22.jar:/home/lesya/.m2/repoTest/io/rest-assured/rest-assured-common/5.5.0/rest-assured-common-5.5.0.jar:/home/lesya/.m2/repoTest/io/rest-assured/xml-path/5.5.0/xml-path-5.5.0.jar:"/>
    <property name="allure.results.directory" value="/mnt/data/lesya/0/IdeaProjects/Diplom/Diplom_3.1/target/allure-results"/>
    <property name="sun.cpu.endian" value="little"/>
    <property name="user.home" value="/home/lesya"/>
    <property name="user.language" value="ru"/>
    <property name="java.specification.vendor" value="Oracle Corporation"/>
    <property name="java.version.date" value="2024-10-15"/>
    <property name="java.home" value="/usr/lib/jvm/java-11-openjdk-amd64"/>
    <property name="file.separator" value="/"/>
    <property name="basedir" value="/mnt/data/lesya/0/IdeaProjects/Diplom/Diplom_3.1"/>
    <property name="java.vm.compressedOopsMode" value="Zero based"/>
    <property name="line.separator" value="&#10;"/>
    <property name="java.specification.name" value="Java Platform API Specification"/>
    <property name="java.vm.specification.vendor" value="Oracle Corporation"/>
    <property name="java.awt.graphicsenv" value="sun.awt.X11GraphicsEnvironment"/>
    <property name="surefire.real.class.path" value="/mnt/data/lesya/0/IdeaProjects/Diplom/Diplom_3.1/target/surefire/surefirebooter9688512105767905421.jar"/>
    <property name="sun.management.compiler" value="HotSpot 64-Bit Tiered Compilers"/>
    <property name="java.runtime.version" value="11.0.25+9-post-Ubuntu-1ubuntu122.04"/>
    <property name="user.name" value="lesya"/>
    <property name="path.separator" value=":"/>
    <property name="os.version" value="6.7.12-x64v4-xanmod1"/>
    <property name="java.runtime.name" value="OpenJDK Runtime Environment"/>
    <property name="file.encoding" value="UTF-8"/>
    <property name="java.vm.name" value="OpenJDK 64-Bit Server VM"/>
    <property name="localRepository" value="/home/lesya/.m2/repoTest"/>
    <property name="java.vendor.url.bug" value="https://bugs.launchpad.net/ubuntu/+source/openjdk-lts"/>
    <property name="java.io.tmpdir" value="/tmp"/>
    <property name="idea.version" value="2024.1.4"/>
    <property name="java.version" value="11.0.25"/>
    <property name="user.dir" value="/mnt/data/lesya/0/IdeaProjects/Diplom/Diplom_3.1"/>
    <property name="os.arch" value="amd64"/>
    <property name="java.vm.specification.name" value="Java Virtual Machine Specification"/>
    <property name="java.awt.printerjob" value="sun.print.PSPrinterJob"/>
    <property name="sun.os.patch.level" value="unknown"/>
    <property name="java.library.path" value="/usr/java/packages/lib:/usr/lib/x86_64-linux-gnu/jni:/lib/x86_64-linux-gnu:/usr/lib/x86_64-linux-gnu:/usr/lib/jni:/lib:/usr/lib"/>
    <property name="java.vm.info" value="mixed mode, sharing"/>
    <property name="java.vendor" value="Ubuntu"/>
    <property name="java.vm.version" value="11.0.25+9-post-Ubuntu-1ubuntu122.04"/>
    <property name="java.specification.maintenance.version" value="3"/>
    <property name="sun.io.unicode.encoding" value="UnicodeLittle"/>
    <property name="maven.repo.local" value="/home/lesya/.m2/repoTest"/>
    <property name="java.class.version" value="55.0"/>
  </properties>
  <testcase name="testRegistrationChrome" classname="src.RegistrationUserTest" time="4.547"/>
  <testcase name="nonTestRegistrationChrome" classname="src.RegistrationUserTest" time="2.546"/>
  <testcase name="testRegistrationYandex" classname="src.RegistrationUserTest" time="6.483">
    <error message="Element &lt;a class=&quot;AppHeader_header__link__3D_hX&quot; href=&quot;/account&quot;&gt; is not clickable at point (1176,44) because another element &lt;div class=&quot;Modal_modal_overlay__x2ZCr&quot;&gt; obscures it&#10;Build info: version: &apos;4.27.0&apos;, revision: &apos;d6e718d134&apos;&#10;System info: os.name: &apos;Linux&apos;, os.arch: &apos;amd64&apos;, os.version: &apos;6.7.12-x64v4-xanmod1&apos;, java.version: &apos;11.0.25&apos;&#10;Driver info: org.openqa.selenium.firefox.FirefoxDriver&#10;Command: [2dff0a14-e457-4c7b-bad7-0d8724e03d8d, clickElement {id=874801dd-1d8f-4ec2-a84d-d99e112d8c24}]&#10;Capabilities {acceptInsecureCerts: true, browserName: firefox, browserVersion: 132.0.1, moz:accessibilityChecks: false, moz:buildID: 20241103194048, moz:debuggerAddress: 127.0.0.1:5241, moz:geckodriverVersion: 0.35.0, moz:headless: false, moz:platformVersion: 6.7.12-x64v4-xanmod1, moz:processID: 45935, moz:profile: /tmp/rust_mozprofileiCGFSH, moz:shutdownTimeout: 60000, moz:webdriverClick: true, moz:windowless: false, pageLoadStrategy: normal, platformName: linux, proxy: Proxy(), se:cdp: ws://127.0.0.1:5241/devtool..., se:cdpVersion: 85.0, setWindowRect: true, strictFileInteractability: false, timeouts: {implicit: 0, pageLoad: 300000, script: 30000}, unhandledPromptBehavior: dismiss and notify, userAgent: Mozilla/5.0 (X11; Linux x86...}&#10;Element: [[FirefoxDriver: firefox on linux (2dff0a14-e457-4c7b-bad7-0d8724e03d8d)] -&gt; xpath: //a[@class=&apos;AppHeader_header__link__3D_hX&apos; and @href=&apos;/account&apos;]]&#10;Session ID: 2dff0a14-e457-4c7b-bad7-0d8724e03d8d" type="org.openqa.selenium.ElementClickInterceptedException"><![CDATA[org.openqa.selenium.ElementClickInterceptedException: 
Element <a class="AppHeader_header__link__3D_hX" href="/account"> is not clickable at point (1176,44) because another element <div class="Modal_modal_overlay__x2ZCr"> obscures it
Build info: version: '4.27.0', revision: 'd6e718d134'
System info: os.name: 'Linux', os.arch: 'amd64', os.version: '6.7.12-x64v4-xanmod1', java.version: '11.0.25'
Driver info: org.openqa.selenium.firefox.FirefoxDriver
Command: [2dff0a14-e457-4c7b-bad7-0d8724e03d8d, clickElement {id=874801dd-1d8f-4ec2-a84d-d99e112d8c24}]
Capabilities {acceptInsecureCerts: true, browserName: firefox, browserVersion: 132.0.1, moz:accessibilityChecks: false, moz:buildID: 20241103194048, moz:debuggerAddress: 127.0.0.1:5241, moz:geckodriverVersion: 0.35.0, moz:headless: false, moz:platformVersion: 6.7.12-x64v4-xanmod1, moz:processID: 45935, moz:profile: /tmp/rust_mozprofileiCGFSH, moz:shutdownTimeout: 60000, moz:webdriverClick: true, moz:windowless: false, pageLoadStrategy: normal, platformName: linux, proxy: Proxy(), se:cdp: ws://127.0.0.1:5241/devtool..., se:cdpVersion: 85.0, setWindowRect: true, strictFileInteractability: false, timeouts: {implicit: 0, pageLoad: 300000, script: 30000}, unhandledPromptBehavior: dismiss and notify, userAgent: Mozilla/5.0 (X11; Linux x86...}
Element: [[FirefoxDriver: firefox on linux (2dff0a14-e457-4c7b-bad7-0d8724e03d8d)] -> xpath: //a[@class='AppHeader_header__link__3D_hX' and @href='/account']]
Session ID: 2dff0a14-e457-4c7b-bad7-0d8724e03d8d
	at src.RegistrationUserTest.testRegistrationYandex(RegistrationUserTest.java:102)
]]></error>
    <system-err><![CDATA[дек. 14, 2024 5:31:06 PM org.openqa.selenium.firefox.FirefoxDriver <init>
WARNING: CDP support for Firefox is deprecated and will be removed in future versions. Please switch to WebDriver BiDi.
]]></system-err>
  </testcase>
  <testcase name="nonTestRegistrationYandex" classname="src.RegistrationUserTest" time="5.205"/>
</testsuite>